<?xml version="1.0" encoding="UTF-8"?>
<!-- Generated by org.testng.reporters.JUnitXMLReporter -->
<testsuite hostname="DESKTOP-1BKDMAK" ignored="0" name="Content-Kart App Test Cases" tests="11" failures="6" timestamp="05 Jan 2019 10:42:36 GMT" time="188.383" errors="0">
  <testcase name="loginTest" time="5.301" classname="com.ck.qa.testcases.LoginPageTest"/>
  <testcase name="loginTest" time="2.468" classname="com.ck.qa.testcases.LoginPageTest">
    <failure type="java.lang.AssertionError" message="expected [Dashboard - Content-Kart] but found [Writing services for both ready-made and custom content - Content-Kart]">
      <![CDATA[java.lang.AssertionError: expected [Dashboard - Content-Kart] but found [Writing services for both ready-made and custom content - Content-Kart]
	at com.ck.qa.testcases.LoginPageTest.loginTest(LoginPageTest.java:51)
... Removed 31 stack frames]]>
    </failure>
  </testcase> <!-- loginTest -->
  <testcase name="loginTest" time="2.288" classname="com.ck.qa.testcases.LoginPageTest">
    <failure type="java.lang.AssertionError" message="expected [Dashboard - Content-Kart] but found [Writing services for both ready-made and custom content - Content-Kart]">
      <![CDATA[java.lang.AssertionError: expected [Dashboard - Content-Kart] but found [Writing services for both ready-made and custom content - Content-Kart]
	at com.ck.qa.testcases.LoginPageTest.loginTest(LoginPageTest.java:51)
... Removed 31 stack frames]]>
    </failure>
  </testcase> <!-- loginTest -->
  <testcase name="loginTest" time="2.179" classname="com.ck.qa.testcases.LoginPageTest">
    <failure type="java.lang.AssertionError" message="expected [Dashboard - Content-Kart] but found [Writing services for both ready-made and custom content - Content-Kart]">
      <![CDATA[java.lang.AssertionError: expected [Dashboard - Content-Kart] but found [Writing services for both ready-made and custom content - Content-Kart]
	at com.ck.qa.testcases.LoginPageTest.loginTest(LoginPageTest.java:51)
... Removed 31 stack frames]]>
    </failure>
  </testcase> <!-- loginTest -->
  <testcase name="loginTest" time="2.237" classname="com.ck.qa.testcases.LoginPageTest">
    <failure type="java.lang.AssertionError" message="expected [Dashboard - Content-Kart] but found [Writing services for both ready-made and custom content - Content-Kart]">
      <![CDATA[java.lang.AssertionError: expected [Dashboard - Content-Kart] but found [Writing services for both ready-made and custom content - Content-Kart]
	at com.ck.qa.testcases.LoginPageTest.loginTest(LoginPageTest.java:51)
... Removed 31 stack frames]]>
    </failure>
  </testcase> <!-- loginTest -->
  <testcase name="loginTest" time="2.281" classname="com.ck.qa.testcases.LoginPageTest">
    <failure type="java.lang.AssertionError" message="expected [Dashboard - Content-Kart] but found [Writing services for both ready-made and custom content - Content-Kart]">
      <![CDATA[java.lang.AssertionError: expected [Dashboard - Content-Kart] but found [Writing services for both ready-made and custom content - Content-Kart]
	at com.ck.qa.testcases.LoginPageTest.loginTest(LoginPageTest.java:51)
... Removed 31 stack frames]]>
    </failure>
  </testcase> <!-- loginTest -->
  <testcase name="loginTest" time="2.617" classname="com.ck.qa.testcases.LoginPageTest">
    <failure type="java.lang.AssertionError" message="expected [Dashboard - Content-Kart] but found [Writing services for both ready-made and custom content - Content-Kart]">
      <![CDATA[java.lang.AssertionError: expected [Dashboard - Content-Kart] but found [Writing services for both ready-made and custom content - Content-Kart]
	at com.ck.qa.testcases.LoginPageTest.loginTest(LoginPageTest.java:51)
... Removed 31 stack frames]]>
    </failure>
  </testcase> <!-- loginTest -->
  <testcase name="testformfill" time="7.359" classname="com.ck.qa.testcases.OrderContentTest"/>
  <testcase name="testformfill" time="8.45" classname="com.ck.qa.testcases.OrderContentTest"/>
  <testcase name="titleTest" time="0.024" classname="com.ck.qa.testcases.DashboardTest"/>
  <testcase name="ClickOnOrderTest" time="2.084" classname="com.ck.qa.testcases.DashboardTest"/>
</testsuite> <!-- Content-Kart App Test Cases -->
